<?xml version="1.0" encoding="UTF-8"?>
<!-- Generated by org.testng.reporters.JUnitReportReporter -->
<testsuite hostname="LAPTOP-BOTM0HAU" failures="0" tests="1" name="SeleniumPractice.Testup" time="16.816" errors="0" timestamp="2024-03-05T15:34:12 IST" skipped="0">
  <testcase classname="SeleniumPractice.Testup" name="verifyingLogin" time="16.816"/>
  <system-out/>
</testsuite> <!-- SeleniumPractice.Testup -->
